[17:23:07] [main/INFO]: Loading Minecraft 1.21.1 with Fabric Loader 0.18.2
[17:23:07] [main/INFO]: Loading 4 mods:
	- fabricloader 0.18.2
	   \-- mixinextras 0.5.0
	- java 21
	- minecraft 1.21.1
[17:23:07] [main/INFO]: SpongePowered MIXIN Subsystem Version=0.8.7 Source=file:/workspaces/server-kawaii/servidor_minecraft/libraries/net/fabricmc/sponge-mixin/0.16.5+mixin.0.8.7/sponge-mixin-0.16.5+mixin.0.8.7.jar Service=Knot/Fabric Env=SERVER
[17:23:13] [main/INFO]: Environment: Environment[sessionHost=https://sessionserver.mojang.com, servicesHost=https://api.minecraftservices.com, name=PROD]
[17:23:15] [main/INFO]: Loaded 1290 recipes
[17:23:15] [main/INFO]: Loaded 1399 advancements
[17:23:15] [Server thread/INFO]: Starting minecraft server version 1.21.1
[17:23:15] [Server thread/INFO]: Loading properties
[17:23:15] [Server thread/INFO]: Default game type: SURVIVAL
[17:23:15] [Server thread/INFO]: Generating keypair
[17:23:15] [Server thread/INFO]: Starting Minecraft server on *:25565
[17:23:15] [Server thread/INFO]: Using epoll channel type
[17:23:15] [Server thread/WARN]: **** SERVER IS RUNNING IN OFFLINE/INSECURE MODE!
[17:23:15] [Server thread/WARN]: The server will make no attempt to authenticate usernames. Beware.
[17:23:15] [Server thread/WARN]: While this makes the game possible to play without internet access, it also opens up the ability for hackers to connect with any username they choose.
[17:23:15] [Server thread/WARN]: To change this, set "online-mode" to "true" in the server.properties file.
[17:23:15] [Server thread/INFO]: Preparing level "world"
[17:23:20] [Server thread/INFO]: Preparing start region for dimension minecraft:overworld
[17:23:20] [Worker-Main-2/INFO]: Preparing spawn area: 0%
[17:23:20] [Worker-Main-3/INFO]: Preparing spawn area: 32%
[17:23:20] [Server thread/INFO]: Time elapsed: 681 ms
[17:23:20] [Server thread/INFO]: Done (4.733s)! For help, type "help"
[17:23:49] [Server thread/INFO]: tobs_z[/10.34.75.219:52913] logged in with entity id 62 at (-3.5, 90.0, 6.5)
[17:23:49] [Server thread/INFO]: tobs_z joined the game
[17:23:49] [Server thread/INFO]: tobs_z lost connection: Disconnected
[17:23:49] [Server thread/INFO]: tobs_z left the game
[17:24:20] [Server thread/INFO]: tobs_z[/10.34.75.219:52942] logged in with entity id 72 at (-3.5, 90.0, 6.5)
[17:24:20] [Server thread/INFO]: tobs_z joined the game
[17:24:20] [Server thread/INFO]: tobs_z lost connection: Disconnected
[17:24:20] [Server thread/INFO]: tobs_z left the game
